<?xml version="1.0" encoding="UTF-8"?>
<testng-results ignored="0" total="1" passed="1" failed="0" skipped="0">
  <reporter-output>
  </reporter-output>
  <suite started-at="2022-12-02T18:34:58 IST" name="Default suite" finished-at="2022-12-02T18:36:14 IST" duration-ms="76127">
    <groups>
    </groups>
    <test started-at="2022-12-02T18:34:58 IST" name="Default test" finished-at="2022-12-02T18:36:14 IST" duration-ms="76127">
      <class name="fullpractise.Practise1">
        <test-method signature="practise()[pri:0, instance:fullpractise.Practise1@1725dc0f]" started-at="2022-12-02T18:34:58 IST" name="practise" finished-at="2022-12-02T18:36:14 IST" duration-ms="76017" status="PASS">
          <reporter-output>
          </reporter-output>
        </test-method> <!-- practise -->
      </class> <!-- fullpractise.Practise1 -->
    </test> <!-- Default test -->
  </suite> <!-- Default suite -->
</testng-results>
