<?xml version="1.0" encoding="UTF-8"?>
<testng-results ignored="0" total="2" passed="2" failed="0" skipped="0">
  <reporter-output>
  </reporter-output>
  <suite started-at="2022-11-24T09:05:32 IST" name="Default suite" finished-at="2022-11-24T09:05:32 IST" duration-ms="90">
    <groups>
    </groups>
    <test started-at="2022-11-24T09:05:32 IST" name="Default test" finished-at="2022-11-24T09:05:32 IST" duration-ms="90">
      <class name="sampleTests.OrganizationTest">
        <test-method signature="orgTest()[pri:0, instance:sampleTests.OrganizationTest@50a638b5]" started-at="2022-11-24T09:05:32 IST" name="orgTest" finished-at="2022-11-24T09:05:32 IST" duration-ms="12" status="PASS">
          <reporter-output>
          </reporter-output>
        </test-method> <!-- orgTest -->
        <test-method signature="organizationTest()[pri:0, instance:sampleTests.OrganizationTest@50a638b5]" started-at="2022-11-24T09:05:32 IST" name="organizationTest" finished-at="2022-11-24T09:05:32 IST" duration-ms="3" status="PASS">
          <reporter-output>
          </reporter-output>
        </test-method> <!-- organizationTest -->
      </class> <!-- sampleTests.OrganizationTest -->
    </test> <!-- Default test -->
  </suite> <!-- Default suite -->
</testng-results>
